This is pdfTeX, Version 3.14159265-2.6-1.40.15 (TeX Live 2014/Arch Linux) (preloaded format=pdflatex 2015.4.24)  24 APR 2015 13:56
entering extended mode
 restricted \write18 enabled.
 %&-line parsing enabled.
**Report.tex
(./Report.tex
LaTeX2e <2014/05/01>
Babel <3.9l> and hyphenation patterns for 79 languages loaded.
(/usr/share/texmf-dist/tex/latex/base/report.cls
Document Class: report 2014/09/29 v1.4h Standard LaTeX document class
(/usr/share/texmf-dist/tex/latex/base/size10.clo
File: size10.clo 2014/09/29 v1.4h Standard LaTeX file (size option)
)
\c@part=\count79
\c@chapter=\count80
\c@section=\count81
\c@subsection=\count82
\c@subsubsection=\count83
\c@paragraph=\count84
\c@subparagraph=\count85
\c@figure=\count86
\c@table=\count87
\abovecaptionskip=\skip41
\belowcaptionskip=\skip42
\bibindent=\dimen102
)
(/usr/share/texmf-dist/tex/latex/graphics/graphicx.sty
Package: graphicx 2014/10/28 v1.0g Enhanced LaTeX Graphics (DPC,SPQR)

(/usr/share/texmf-dist/tex/latex/graphics/keyval.sty
Package: keyval 2014/10/28 v1.15 key=value parser (DPC)
\KV@toks@=\toks14
)
(/usr/share/texmf-dist/tex/latex/graphics/graphics.sty
Package: graphics 2014/10/28 v1.0p Standard LaTeX Graphics (DPC,SPQR)

(/usr/share/texmf-dist/tex/latex/graphics/trig.sty
Package: trig 1999/03/16 v1.09 sin cos tan (DPC)
)
(/usr/share/texmf-dist/tex/latex/latexconfig/graphics.cfg
File: graphics.cfg 2010/04/23 v1.9 graphics configuration of TeX Live
)
Package graphics Info: Driver file: pdftex.def on input line 91.

(/usr/share/texmf-dist/tex/latex/pdftex-def/pdftex.def
File: pdftex.def 2011/05/27 v0.06d Graphics/color for pdfTeX

(/usr/share/texmf-dist/tex/generic/oberdiek/infwarerr.sty
Package: infwarerr 2010/04/08 v1.3 Providing info/warning/error messages (HO)
)
(/usr/share/texmf-dist/tex/generic/oberdiek/ltxcmds.sty
Package: ltxcmds 2011/11/09 v1.22 LaTeX kernel commands for general use (HO)
)
\Gread@gobject=\count88
))
\Gin@req@height=\dimen103
\Gin@req@width=\dimen104
)
(/usr/share/texmf-dist/tex/latex/pdfpages/pdfpages.sty
Package: pdfpages 2013/08/25 v0.4v Insert pages of external PDF documents (AM)

(/usr/share/texmf-dist/tex/latex/base/ifthen.sty
Package: ifthen 2014/09/29 v1.1c Standard LaTeX ifthen package (DPC)
)
(/usr/share/texmf-dist/tex/latex/tools/calc.sty
Package: calc 2014/10/28 v4.3 Infix arithmetic (KKT,FJ)
\calc@Acount=\count89
\calc@Bcount=\count90
\calc@Adimen=\dimen105
\calc@Bdimen=\dimen106
\calc@Askip=\skip43
\calc@Bskip=\skip44
LaTeX Info: Redefining \setlength on input line 75.
LaTeX Info: Redefining \addtolength on input line 76.
\calc@Ccount=\count91
\calc@Cskip=\skip45
)
(/usr/share/texmf-dist/tex/latex/eso-pic/eso-pic.sty
Package: eso-pic 2013/10/06 v2.0d eso-pic (RN)

(/usr/share/texmf-dist/tex/generic/oberdiek/atbegshi.sty
Package: atbegshi 2011/10/05 v1.16 At begin shipout hook (HO)

(/usr/share/texmf-dist/tex/generic/oberdiek/ifpdf.sty
Package: ifpdf 2011/01/30 v2.3 Provides the ifpdf switch (HO)
Package ifpdf Info: pdfTeX in PDF mode is detected.
))
(/usr/share/texmf-dist/tex/latex/xcolor/xcolor.sty
Package: xcolor 2007/01/21 v2.11 LaTeX color extensions (UK)

(/usr/share/texmf-dist/tex/latex/latexconfig/color.cfg
File: color.cfg 2007/01/18 v1.5 color configuration of teTeX/TeXLive
)
Package xcolor Info: Driver file: pdftex.def on input line 225.
Package xcolor Info: Model `cmy' substituted by `cmy0' on input line 1337.
Package xcolor Info: Model `hsb' substituted by `rgb' on input line 1341.
Package xcolor Info: Model `RGB' extended on input line 1353.
Package xcolor Info: Model `HTML' substituted by `rgb' on input line 1355.
Package xcolor Info: Model `Hsb' substituted by `hsb' on input line 1356.
Package xcolor Info: Model `tHsb' substituted by `hsb' on input line 1357.
Package xcolor Info: Model `HSB' substituted by `hsb' on input line 1358.
Package xcolor Info: Model `Gray' substituted by `gray' on input line 1359.
Package xcolor Info: Model `wave' substituted by `hsb' on input line 1360.
))
(/usr/share/texmf-dist/tex/latex/pdfpages/pppdftex.def
File: pppdftex.def 2013/08/25 v0.4v Pdfpages driver for pdfTeX (AM)
)
\AM@pagebox=\box26
\AM@toc@title=\toks15
\c@AM@survey=\count92
\AM@templatesizebox=\box27
)
(/usr/share/texmf-dist/tex/latex/geometry/geometry.sty
Package: geometry 2010/09/12 v5.6 Page Geometry

(/usr/share/texmf-dist/tex/generic/oberdiek/ifvtex.sty
Package: ifvtex 2010/03/01 v1.5 Detect VTeX and its facilities (HO)
Package ifvtex Info: VTeX not detected.
)
(/usr/share/texmf-dist/tex/generic/ifxetex/ifxetex.sty
Package: ifxetex 2010/09/12 v0.6 Provides ifxetex conditional
)
\Gm@cnth=\count93
\Gm@cntv=\count94
\c@Gm@tempcnt=\count95
\Gm@bindingoffset=\dimen107
\Gm@wd@mp=\dimen108
\Gm@odd@mp=\dimen109
\Gm@even@mp=\dimen110
\Gm@layoutwidth=\dimen111
\Gm@layoutheight=\dimen112
\Gm@layouthoffset=\dimen113
\Gm@layoutvoffset=\dimen114
\Gm@dimlist=\toks16
) (./Report.aux)
\openout1 = `Report.aux'.

LaTeX Font Info:    Checking defaults for OML/cmm/m/it on input line 6.
LaTeX Font Info:    ... okay on input line 6.
LaTeX Font Info:    Checking defaults for T1/cmr/m/n on input line 6.
LaTeX Font Info:    ... okay on input line 6.
LaTeX Font Info:    Checking defaults for OT1/cmr/m/n on input line 6.
LaTeX Font Info:    ... okay on input line 6.
LaTeX Font Info:    Checking defaults for OMS/cmsy/m/n on input line 6.
LaTeX Font Info:    ... okay on input line 6.
LaTeX Font Info:    Checking defaults for OMX/cmex/m/n on input line 6.
LaTeX Font Info:    ... okay on input line 6.
LaTeX Font Info:    Checking defaults for U/cmr/m/n on input line 6.
LaTeX Font Info:    ... okay on input line 6.

(/usr/share/texmf-dist/tex/context/base/supp-pdf.mkii
[Loading MPS to PDF converter (version 2006.09.02).]
\scratchcounter=\count96
\scratchdimen=\dimen115
\scratchbox=\box28
\nofMPsegments=\count97
\nofMParguments=\count98
\everyMPshowfont=\toks17
\MPscratchCnt=\count99
\MPscratchDim=\dimen116
\MPnumerator=\count100
\makeMPintoPDFobject=\count101
\everyMPtoPDFconversion=\toks18
) (/usr/share/texmf-dist/tex/generic/oberdiek/pdftexcmds.sty
Package: pdftexcmds 2011/11/29 v0.20 Utility functions of pdfTeX for LuaTeX (HO
)

(/usr/share/texmf-dist/tex/generic/oberdiek/ifluatex.sty
Package: ifluatex 2010/03/01 v1.3 Provides the ifluatex switch (HO)
Package ifluatex Info: LuaTeX not detected.
)
Package pdftexcmds Info: LuaTeX not detected.
Package pdftexcmds Info: \pdf@primitive is available.
Package pdftexcmds Info: \pdf@ifprimitive is available.
Package pdftexcmds Info: \pdfdraftmode found.
)
(/usr/share/texmf-dist/tex/latex/oberdiek/epstopdf-base.sty
Package: epstopdf-base 2010/02/09 v2.5 Base part for package epstopdf

(/usr/share/texmf-dist/tex/latex/oberdiek/grfext.sty
Package: grfext 2010/08/19 v1.1 Manage graphics extensions (HO)

(/usr/share/texmf-dist/tex/generic/oberdiek/kvdefinekeys.sty
Package: kvdefinekeys 2011/04/07 v1.3 Define keys (HO)
))
(/usr/share/texmf-dist/tex/latex/oberdiek/kvoptions.sty
Package: kvoptions 2011/06/30 v3.11 Key value format for package options (HO)

(/usr/share/texmf-dist/tex/generic/oberdiek/kvsetkeys.sty
Package: kvsetkeys 2012/04/25 v1.16 Key value parser (HO)

(/usr/share/texmf-dist/tex/generic/oberdiek/etexcmds.sty
Package: etexcmds 2011/02/16 v1.5 Avoid name clashes with e-TeX commands (HO)
Package etexcmds Info: Could not find \expanded.
(etexcmds)             That can mean that you are not using pdfTeX 1.50 or
(etexcmds)             that some package has redefined \expanded.
(etexcmds)             In the latter case, load this package earlier.
)))
Package grfext Info: Graphics extension search list:
(grfext)             [.png,.pdf,.jpg,.mps,.jpeg,.jbig2,.jb2,.PNG,.PDF,.JPG,.JPE
G,.JBIG2,.JB2,.eps]
(grfext)             \AppendGraphicsExtensions on input line 452.

(/usr/share/texmf-dist/tex/latex/latexconfig/epstopdf-sys.cfg
File: epstopdf-sys.cfg 2010/07/13 v1.3 Configuration of (r)epstopdf for TeX Liv
e
))
\AtBeginShipoutBox=\box29

*geometry* driver: auto-detecting
*geometry* detected driver: pdftex
*geometry* verbose mode - [ preamble ] result:
* driver: pdftex
* paper: a4paper
* layout: <same size as paper>
* layoutoffset:(h,v)=(0.0pt,0.0pt)
* modes: 
* h-part:(L,W,R)=(56.9055pt, 483.69687pt, 56.9055pt)
* v-part:(T,H,B)=(56.9055pt, 731.23584pt, 56.9055pt)
* \paperwidth=597.50787pt
* \paperheight=845.04684pt
* \textwidth=483.69687pt
* \textheight=731.23584pt
* \oddsidemargin=-15.36449pt
* \evensidemargin=-15.36449pt
* \topmargin=-52.36449pt
* \headheight=12.0pt
* \headsep=25.0pt
* \topskip=10.0pt
* \footskip=30.0pt
* \marginparwidth=57.0pt
* \marginparsep=11.0pt
* \columnsep=10.0pt
* \skip\footins=9.0pt plus 4.0pt minus 2.0pt
* \hoffset=0.0pt
* \voffset=0.0pt
* \mag=1000
* \@twocolumnfalse
* \@twosidefalse
* \@mparswitchfalse
* \@reversemarginfalse
* (1in=72.27pt=25.4mm, 1cm=28.453pt)

LaTeX Font Info:    External font `cmex10' loaded for size
(Font)              <12> on input line 11.
LaTeX Font Info:    External font `cmex10' loaded for size
(Font)              <8> on input line 11.
LaTeX Font Info:    External font `cmex10' loaded for size
(Font)              <6> on input line 11.
Missing character: There is no ‚ in font cmr12!
Missing character: There is no Ä in font cmr12!
Missing character: There is no é in font cmr12!
Missing character: There is no √ in font cmr12!
Missing character: There is no © in font cmr12!
[1

{/var/lib/texmf/fonts/map/pdftex/updmap/pdftex.map}] (./Report.toc
LaTeX Font Info:    External font `cmex10' loaded for size
(Font)              <7> on input line 6.
LaTeX Font Info:    External font `cmex10' loaded for size
(Font)              <5> on input line 6.
)
\tf@toc=\write3
\openout3 = `Report.toc'.

 [1

]
Chapter 1.
[2

]
Chapter 2.
LaTeX Font Info:    Try loading font information for OMS+cmr on input line 23.
(/usr/share/texmf-dist/tex/latex/base/omscmr.fd
File: omscmr.fd 2014/09/29 v2.5h Standard LaTeX font definitions
)
LaTeX Font Info:    Font shape `OMS/cmr/m/n' in size <10> not available
(Font)              Font shape `OMS/cmsy/m/n' tried instead on input line 23.
 [3

]
Chapter 3.

Underfull \hbox (badness 10000) in paragraph at lines 32--33

 []

[4

]
Chapter 4.
[5

]
Chapter 5.
Missing character: There is no ‚ in font cmr10!
Missing character: There is no Ä in font cmr10!
Missing character: There is no ô in font cmr10!
Missing character: There is no ‚ in font cmr10!
Missing character: There is no Ä in font cmr10!
Missing character: There is no ô in font cmr10!
Missing character: There is no ‚ in font cmr10!
Missing character: There is no Ä in font cmr10!
Missing character: There is no ô in font cmr10!
Missing character: There is no ‚ in font cmr10!
Missing character: There is no Ä in font cmr10!
Missing character: There is no ú in font cmr10!
Missing character: There is no ‚ in font cmr10!
Missing character: There is no Ä in font cmr10!
Missing character: There is no ù in font cmr10!
Missing character: There is no ‚ in font cmr10!
Missing character: There is no Ä in font cmr10!
Missing character: There is no ú in font cmr10!
Missing character: There is no ‚ in font cmr10!
Missing character: There is no Ä in font cmr10!
Missing character: There is no ù in font cmr10!
[6

] [7] [8]
Chapter 6.
[9

]
Chapter 7.
[10

]
Chapter 8.
[11

]
Chapter 9.
[12

]
Appendix A.
<./appendixImages/AxosoftScreenShot01.png, id=51, 900.36375pt x 370.38374pt>
File: ./appendixImages/AxosoftScreenShot01.png Graphic file (type png)

<use ./appendixImages/AxosoftScreenShot01.png>
Package pdftex.def Info: ./appendixImages/AxosoftScreenShot01.png used on input
 line 111.
(pdftex.def)             Requested size: 483.69687pt x 198.9813pt.

<./appendixImages/AxosoftScreenShot02.JPG, id=52, 1443.89438pt x 812.28468pt>
File: ./appendixImages/AxosoftScreenShot02.JPG Graphic file (type jpg)

<use ./appendixImages/AxosoftScreenShot02.JPG>
Package pdftex.def Info: ./appendixImages/AxosoftScreenShot02.JPG used on input
 line 114.
(pdftex.def)             Requested size: 483.69687pt x 272.10776pt.
 [13

 <./appendixImages/AxosoftScreenShot01.png>] [14 <./appendixImages/AxosoftScree
nShot02.JPG>] [15] [16]
<./appendixImages/GitHubScreenShot01.jpg, id=65, 419.31656pt x 127.22531pt>
File: ./appendixImages/GitHubScreenShot01.jpg Graphic file (type jpg)

<use ./appendixImages/GitHubScreenShot01.jpg>
Package pdftex.def Info: ./appendixImages/GitHubScreenShot01.jpg used on input 
line 123.
(pdftex.def)             Requested size: 483.69687pt x 146.75833pt.
 [17 <./appendixImages/GitHubScreenShot01.jpg>] [18]
<./appendixImages/finalPresentation.pdf, id=73, 794.97pt x 614.295pt>
File: ./appendixImages/finalPresentation.pdf Graphic file (type pdf)

<use ./appendixImages/finalPresentation.pdf>
Package pdftex.def Info: ./appendixImages/finalPresentation.pdf used on input l
ine 129.
(pdftex.def)             Requested size: 794.96806pt x 614.29349pt.
File: ./appendixImages/finalPresentation.pdf Graphic file (type pdf)

<use ./appendixImages/finalPresentation.pdf>
Package pdftex.def Info: ./appendixImages/finalPresentation.pdf used on input l
ine 129.
(pdftex.def)             Requested size: 794.96806pt x 614.29349pt.
 [19]
<./appendixImages/finalPresentation.pdf, id=79, page=1, 794.97pt x 614.295pt>
File: ./appendixImages/finalPresentation.pdf Graphic file (type pdf)

<use ./appendixImages/finalPresentation.pdf, page 1>
Package pdftex.def Info: ./appendixImages/finalPresentation.pdf, page1 used on 
input line 129.
(pdftex.def)             Requested size: 794.96806pt x 614.29349pt.
File: ./appendixImages/finalPresentation.pdf Graphic file (type pdf)

<use ./appendixImages/finalPresentation.pdf, page 1>
Package pdftex.def Info: ./appendixImages/finalPresentation.pdf, page1 used on 
input line 129.
(pdftex.def)             Requested size: 598.22752pt x 462.26671pt.
File: ./appendixImages/finalPresentation.pdf Graphic file (type pdf)

<use ./appendixImages/finalPresentation.pdf, page 1>
Package pdftex.def Info: ./appendixImages/finalPresentation.pdf, page1 used on 
input line 129.
(pdftex.def)             Requested size: 598.22752pt x 462.26671pt.
File: ./appendixImages/finalPresentation.pdf Graphic file (type pdf)

<use ./appendixImages/finalPresentation.pdf, page 1>
Package pdftex.def Info: ./appendixImages/finalPresentation.pdf, page1 used on 
input line 129.
(pdftex.def)             Requested size: 598.22752pt x 462.26671pt.
File: ./appendixImages/finalPresentation.pdf Graphic file (type pdf)

<use ./appendixImages/finalPresentation.pdf, page 1>
Package pdftex.def Info: ./appendixImages/finalPresentation.pdf, page1 used on 
input line 129.
(pdftex.def)             Requested size: 598.22752pt x 462.26671pt.
 [20 <./appendixImages/finalPresentation.pdf>]
<./appendixImages/finalPresentation.pdf, id=131, page=2, 794.97pt x 614.295pt>
File: ./appendixImages/finalPresentation.pdf Graphic file (type pdf)

<use ./appendixImages/finalPresentation.pdf, page 2>
Package pdftex.def Info: ./appendixImages/finalPresentation.pdf, page2 used on 
input line 129.
(pdftex.def)             Requested size: 598.22752pt x 462.26671pt.
File: ./appendixImages/finalPresentation.pdf Graphic file (type pdf)

<use ./appendixImages/finalPresentation.pdf, page 2>
Package pdftex.def Info: ./appendixImages/finalPresentation.pdf, page2 used on 
input line 129.
(pdftex.def)             Requested size: 598.22752pt x 462.26671pt.
File: ./appendixImages/finalPresentation.pdf Graphic file (type pdf)

<use ./appendixImages/finalPresentation.pdf, page 2>
Package pdftex.def Info: ./appendixImages/finalPresentation.pdf, page2 used on 
input line 129.
(pdftex.def)             Requested size: 598.22752pt x 462.26671pt.
 [21 <./appendixImages/finalPresentation.pdf>]
<./appendixImages/finalPresentation.pdf, id=135, page=3, 794.97pt x 614.295pt>
File: ./appendixImages/finalPresentation.pdf Graphic file (type pdf)

<use ./appendixImages/finalPresentation.pdf, page 3>
Package pdftex.def Info: ./appendixImages/finalPresentation.pdf, page3 used on 
input line 129.
(pdftex.def)             Requested size: 598.22752pt x 462.26671pt.
File: ./appendixImages/finalPresentation.pdf Graphic file (type pdf)

<use ./appendixImages/finalPresentation.pdf, page 3>
Package pdftex.def Info: ./appendixImages/finalPresentation.pdf, page3 used on 
input line 129.
(pdftex.def)             Requested size: 598.22752pt x 462.26671pt.
File: ./appendixImages/finalPresentation.pdf Graphic file (type pdf)

<use ./appendixImages/finalPresentation.pdf, page 3>
Package pdftex.def Info: ./appendixImages/finalPresentation.pdf, page3 used on 
input line 129.
(pdftex.def)             Requested size: 598.22752pt x 462.26671pt.
 [22 <./appendixImages/finalPresentation.pdf>]
<./appendixImages/finalPresentation.pdf, id=139, page=4, 794.97pt x 614.295pt>
File: ./appendixImages/finalPresentation.pdf Graphic file (type pdf)

<use ./appendixImages/finalPresentation.pdf, page 4>
Package pdftex.def Info: ./appendixImages/finalPresentation.pdf, page4 used on 
input line 129.
(pdftex.def)             Requested size: 598.22752pt x 462.26671pt.
File: ./appendixImages/finalPresentation.pdf Graphic file (type pdf)

<use ./appendixImages/finalPresentation.pdf, page 4>
Package pdftex.def Info: ./appendixImages/finalPresentation.pdf, page4 used on 
input line 129.
(pdftex.def)             Requested size: 598.22752pt x 462.26671pt.
File: ./appendixImages/finalPresentation.pdf Graphic file (type pdf)

<use ./appendixImages/finalPresentation.pdf, page 4>
Package pdftex.def Info: ./appendixImages/finalPresentation.pdf, page4 used on 
input line 129.
(pdftex.def)             Requested size: 598.22752pt x 462.26671pt.
 [23 <./appendixImages/finalPresentation.pdf>]
<./appendixImages/finalPresentation.pdf, id=143, page=5, 794.97pt x 614.295pt>
File: ./appendixImages/finalPresentation.pdf Graphic file (type pdf)

<use ./appendixImages/finalPresentation.pdf, page 5>
Package pdftex.def Info: ./appendixImages/finalPresentation.pdf, page5 used on 
input line 129.
(pdftex.def)             Requested size: 598.22752pt x 462.26671pt.
File: ./appendixImages/finalPresentation.pdf Graphic file (type pdf)

<use ./appendixImages/finalPresentation.pdf, page 5>
Package pdftex.def Info: ./appendixImages/finalPresentation.pdf, page5 used on 
input line 129.
(pdftex.def)             Requested size: 598.22752pt x 462.26671pt.
File: ./appendixImages/finalPresentation.pdf Graphic file (type pdf)

<use ./appendixImages/finalPresentation.pdf, page 5>
Package pdftex.def Info: ./appendixImages/finalPresentation.pdf, page5 used on 
input line 129.
(pdftex.def)             Requested size: 598.22752pt x 462.26671pt.
 [24 <./appendixImages/finalPresentation.pdf>]
<./appendixImages/finalPresentation.pdf, id=148, page=6, 794.97pt x 614.295pt>
File: ./appendixImages/finalPresentation.pdf Graphic file (type pdf)

<use ./appendixImages/finalPresentation.pdf, page 6>
Package pdftex.def Info: ./appendixImages/finalPresentation.pdf, page6 used on 
input line 129.
(pdftex.def)             Requested size: 598.22752pt x 462.26671pt.
File: ./appendixImages/finalPresentation.pdf Graphic file (type pdf)

<use ./appendixImages/finalPresentation.pdf, page 6>
Package pdftex.def Info: ./appendixImages/finalPresentation.pdf, page6 used on 
input line 129.
(pdftex.def)             Requested size: 598.22752pt x 462.26671pt.
File: ./appendixImages/finalPresentation.pdf Graphic file (type pdf)

<use ./appendixImages/finalPresentation.pdf, page 6>
Package pdftex.def Info: ./appendixImages/finalPresentation.pdf, page6 used on 
input line 129.
(pdftex.def)             Requested size: 598.22752pt x 462.26671pt.
 [25 <./appendixImages/finalPresentation.pdf>]
<./appendixImages/finalPresentation.pdf, id=152, page=7, 794.97pt x 614.295pt>
File: ./appendixImages/finalPresentation.pdf Graphic file (type pdf)

<use ./appendixImages/finalPresentation.pdf, page 7>
Package pdftex.def Info: ./appendixImages/finalPresentation.pdf, page7 used on 
input line 129.
(pdftex.def)             Requested size: 598.22752pt x 462.26671pt.
File: ./appendixImages/finalPresentation.pdf Graphic file (type pdf)

<use ./appendixImages/finalPresentation.pdf, page 7>
Package pdftex.def Info: ./appendixImages/finalPresentation.pdf, page7 used on 
input line 129.
(pdftex.def)             Requested size: 598.22752pt x 462.26671pt.
File: ./appendixImages/finalPresentation.pdf Graphic file (type pdf)

<use ./appendixImages/finalPresentation.pdf, page 7>
Package pdftex.def Info: ./appendixImages/finalPresentation.pdf, page7 used on 
input line 129.
(pdftex.def)             Requested size: 598.22752pt x 462.26671pt.
 [26 <./appendixImages/finalPresentation.pdf>]
<./appendixImages/finalPresentation.pdf, id=156, page=8, 794.97pt x 614.295pt>
File: ./appendixImages/finalPresentation.pdf Graphic file (type pdf)

<use ./appendixImages/finalPresentation.pdf, page 8>
Package pdftex.def Info: ./appendixImages/finalPresentation.pdf, page8 used on 
input line 129.
(pdftex.def)             Requested size: 598.22752pt x 462.26671pt.
File: ./appendixImages/finalPresentation.pdf Graphic file (type pdf)

<use ./appendixImages/finalPresentation.pdf, page 8>
Package pdftex.def Info: ./appendixImages/finalPresentation.pdf, page8 used on 
input line 129.
(pdftex.def)             Requested size: 598.22752pt x 462.26671pt.
File: ./appendixImages/finalPresentation.pdf Graphic file (type pdf)

<use ./appendixImages/finalPresentation.pdf, page 8>
Package pdftex.def Info: ./appendixImages/finalPresentation.pdf, page8 used on 
input line 129.
(pdftex.def)             Requested size: 598.22752pt x 462.26671pt.
 [27 <./appendixImages/finalPresentation.pdf>]
<./appendixImages/finalPresentation.pdf, id=160, page=9, 794.97pt x 614.295pt>
File: ./appendixImages/finalPresentation.pdf Graphic file (type pdf)

<use ./appendixImages/finalPresentation.pdf, page 9>
Package pdftex.def Info: ./appendixImages/finalPresentation.pdf, page9 used on 
input line 129.
(pdftex.def)             Requested size: 598.22752pt x 462.26671pt.
File: ./appendixImages/finalPresentation.pdf Graphic file (type pdf)

<use ./appendixImages/finalPresentation.pdf, page 9>
Package pdftex.def Info: ./appendixImages/finalPresentation.pdf, page9 used on 
input line 129.
(pdftex.def)             Requested size: 598.22752pt x 462.26671pt.
File: ./appendixImages/finalPresentation.pdf Graphic file (type pdf)

<use ./appendixImages/finalPresentation.pdf, page 9>
Package pdftex.def Info: ./appendixImages/finalPresentation.pdf, page9 used on 
input line 129.
(pdftex.def)             Requested size: 598.22752pt x 462.26671pt.
 [28 <./appendixImages/finalPresentation.pdf>]
<./appendixImages/finalPresentation.pdf, id=164, page=10, 794.97pt x 614.295pt>
File: ./appendixImages/finalPresentation.pdf Graphic file (type pdf)
<use ./appendixImages/finalPresentation.pdf, page 10>
Package pdftex.def Info: ./appendixImages/finalPresentation.pdf, page10 used on
 input line 129.
(pdftex.def)             Requested size: 598.22752pt x 462.26671pt.
File: ./appendixImages/finalPresentation.pdf Graphic file (type pdf)

<use ./appendixImages/finalPresentation.pdf, page 10>
Package pdftex.def Info: ./appendixImages/finalPresentation.pdf, page10 used on
 input line 129.
(pdftex.def)             Requested size: 598.22752pt x 462.26671pt.
File: ./appendixImages/finalPresentation.pdf Graphic file (type pdf)

<use ./appendixImages/finalPresentation.pdf, page 10>
Package pdftex.def Info: ./appendixImages/finalPresentation.pdf, page10 used on
 input line 129.
(pdftex.def)             Requested size: 598.22752pt x 462.26671pt.
 [29 <./appendixImages/finalPresentation.pdf>]
<./appendixImages/finalPresentation.pdf, id=168, page=11, 794.97pt x 614.295pt>
File: ./appendixImages/finalPresentation.pdf Graphic file (type pdf)
<use ./appendixImages/finalPresentation.pdf, page 11>
Package pdftex.def Info: ./appendixImages/finalPresentation.pdf, page11 used on
 input line 129.
(pdftex.def)             Requested size: 598.22752pt x 462.26671pt.
File: ./appendixImages/finalPresentation.pdf Graphic file (type pdf)

<use ./appendixImages/finalPresentation.pdf, page 11>
Package pdftex.def Info: ./appendixImages/finalPresentation.pdf, page11 used on
 input line 129.
(pdftex.def)             Requested size: 598.22752pt x 462.26671pt.
File: ./appendixImages/finalPresentation.pdf Graphic file (type pdf)

<use ./appendixImages/finalPresentation.pdf, page 11>
Package pdftex.def Info: ./appendixImages/finalPresentation.pdf, page11 used on
 input line 129.
(pdftex.def)             Requested size: 598.22752pt x 462.26671pt.
 [30 <./appendixImages/finalPresentation.pdf>]
<./appendixImages/finalPresentation.pdf, id=173, page=12, 794.97pt x 614.295pt>
File: ./appendixImages/finalPresentation.pdf Graphic file (type pdf)
<use ./appendixImages/finalPresentation.pdf, page 12>
Package pdftex.def Info: ./appendixImages/finalPresentation.pdf, page12 used on
 input line 129.
(pdftex.def)             Requested size: 598.22752pt x 462.26671pt.
File: ./appendixImages/finalPresentation.pdf Graphic file (type pdf)

<use ./appendixImages/finalPresentation.pdf, page 12>
Package pdftex.def Info: ./appendixImages/finalPresentation.pdf, page12 used on
 input line 129.
(pdftex.def)             Requested size: 598.22752pt x 462.26671pt.
File: ./appendixImages/finalPresentation.pdf Graphic file (type pdf)

<use ./appendixImages/finalPresentation.pdf, page 12>
Package pdftex.def Info: ./appendixImages/finalPresentation.pdf, page12 used on
 input line 129.
(pdftex.def)             Requested size: 598.22752pt x 462.26671pt.
 [31 <./appendixImages/finalPresentation.pdf>]
<./appendixImages/finalPresentation.pdf, id=177, page=13, 794.97pt x 614.295pt>
File: ./appendixImages/finalPresentation.pdf Graphic file (type pdf)
<use ./appendixImages/finalPresentation.pdf, page 13>
Package pdftex.def Info: ./appendixImages/finalPresentation.pdf, page13 used on
 input line 129.
(pdftex.def)             Requested size: 598.22752pt x 462.26671pt.
File: ./appendixImages/finalPresentation.pdf Graphic file (type pdf)

<use ./appendixImages/finalPresentation.pdf, page 13>
Package pdftex.def Info: ./appendixImages/finalPresentation.pdf, page13 used on
 input line 129.
(pdftex.def)             Requested size: 598.22752pt x 462.26671pt.
File: ./appendixImages/finalPresentation.pdf Graphic file (type pdf)

<use ./appendixImages/finalPresentation.pdf, page 13>
Package pdftex.def Info: ./appendixImages/finalPresentation.pdf, page13 used on
 input line 129.
(pdftex.def)             Requested size: 598.22752pt x 462.26671pt.
 [32 <./appendixImages/finalPresentation.pdf>]
<./appendixImages/finalPresentation.pdf, id=181, page=14, 794.97pt x 614.295pt>
File: ./appendixImages/finalPresentation.pdf Graphic file (type pdf)
<use ./appendixImages/finalPresentation.pdf, page 14>
Package pdftex.def Info: ./appendixImages/finalPresentation.pdf, page14 used on
 input line 129.
(pdftex.def)             Requested size: 598.22752pt x 462.26671pt.
File: ./appendixImages/finalPresentation.pdf Graphic file (type pdf)

<use ./appendixImages/finalPresentation.pdf, page 14>
Package pdftex.def Info: ./appendixImages/finalPresentation.pdf, page14 used on
 input line 129.
(pdftex.def)             Requested size: 598.22752pt x 462.26671pt.
File: ./appendixImages/finalPresentation.pdf Graphic file (type pdf)

<use ./appendixImages/finalPresentation.pdf, page 14>
Package pdftex.def Info: ./appendixImages/finalPresentation.pdf, page14 used on
 input line 129.
(pdftex.def)             Requested size: 598.22752pt x 462.26671pt.
 [33 <./appendixImages/finalPresentation.pdf>]
<./appendixImages/finalPresentation.pdf, id=185, page=15, 794.97pt x 614.295pt>
File: ./appendixImages/finalPresentation.pdf Graphic file (type pdf)
<use ./appendixImages/finalPresentation.pdf, page 15>
Package pdftex.def Info: ./appendixImages/finalPresentation.pdf, page15 used on
 input line 129.
(pdftex.def)             Requested size: 598.22752pt x 462.26671pt.
File: ./appendixImages/finalPresentation.pdf Graphic file (type pdf)

<use ./appendixImages/finalPresentation.pdf, page 15>
Package pdftex.def Info: ./appendixImages/finalPresentation.pdf, page15 used on
 input line 129.
(pdftex.def)             Requested size: 598.22752pt x 462.26671pt.
File: ./appendixImages/finalPresentation.pdf Graphic file (type pdf)

<use ./appendixImages/finalPresentation.pdf, page 15>
Package pdftex.def Info: ./appendixImages/finalPresentation.pdf, page15 used on
 input line 129.
(pdftex.def)             Requested size: 598.22752pt x 462.26671pt.
 [34 <./appendixImages/finalPresentation.pdf>]
<./appendixImages/finalPresentation.pdf, id=189, page=16, 794.97pt x 614.295pt>
File: ./appendixImages/finalPresentation.pdf Graphic file (type pdf)
<use ./appendixImages/finalPresentation.pdf, page 16>
Package pdftex.def Info: ./appendixImages/finalPresentation.pdf, page16 used on
 input line 129.
(pdftex.def)             Requested size: 598.22752pt x 462.26671pt.
File: ./appendixImages/finalPresentation.pdf Graphic file (type pdf)

<use ./appendixImages/finalPresentation.pdf, page 16>
Package pdftex.def Info: ./appendixImages/finalPresentation.pdf, page16 used on
 input line 129.
(pdftex.def)             Requested size: 598.22752pt x 462.26671pt.
File: ./appendixImages/finalPresentation.pdf Graphic file (type pdf)

<use ./appendixImages/finalPresentation.pdf, page 16>
Package pdftex.def Info: ./appendixImages/finalPresentation.pdf, page16 used on
 input line 129.
(pdftex.def)             Requested size: 598.22752pt x 462.26671pt.
 [35 <./appendixImages/finalPresentation.pdf>]
<./appendixImages/finalPresentation.pdf, id=193, page=17, 794.97pt x 614.295pt>
File: ./appendixImages/finalPresentation.pdf Graphic file (type pdf)
<use ./appendixImages/finalPresentation.pdf, page 17>
Package pdftex.def Info: ./appendixImages/finalPresentation.pdf, page17 used on
 input line 129.
(pdftex.def)             Requested size: 598.22752pt x 462.26671pt.
File: ./appendixImages/finalPresentation.pdf Graphic file (type pdf)

<use ./appendixImages/finalPresentation.pdf, page 17>
Package pdftex.def Info: ./appendixImages/finalPresentation.pdf, page17 used on
 input line 129.
(pdftex.def)             Requested size: 598.22752pt x 462.26671pt.
File: ./appendixImages/finalPresentation.pdf Graphic file (type pdf)

<use ./appendixImages/finalPresentation.pdf, page 17>
Package pdftex.def Info: ./appendixImages/finalPresentation.pdf, page17 used on
 input line 129.
(pdftex.def)             Requested size: 598.22752pt x 462.26671pt.
 [36 <./appendixImages/finalPresentation.pdf>]
<./appendixImages/finalPresentation.pdf, id=198, page=18, 794.97pt x 614.295pt>
File: ./appendixImages/finalPresentation.pdf Graphic file (type pdf)
<use ./appendixImages/finalPresentation.pdf, page 18>
Package pdftex.def Info: ./appendixImages/finalPresentation.pdf, page18 used on
 input line 129.
(pdftex.def)             Requested size: 598.22752pt x 462.26671pt.
File: ./appendixImages/finalPresentation.pdf Graphic file (type pdf)

<use ./appendixImages/finalPresentation.pdf, page 18>
Package pdftex.def Info: ./appendixImages/finalPresentation.pdf, page18 used on
 input line 129.
(pdftex.def)             Requested size: 598.22752pt x 462.26671pt.
File: ./appendixImages/finalPresentation.pdf Graphic file (type pdf)

<use ./appendixImages/finalPresentation.pdf, page 18>
Package pdftex.def Info: ./appendixImages/finalPresentation.pdf, page18 used on
 input line 129.
(pdftex.def)             Requested size: 598.22752pt x 462.26671pt.
 [37 <./appendixImages/finalPresentation.pdf>]
<./appendixImages/finalPresentation.pdf, id=203, page=19, 794.97pt x 614.295pt>
File: ./appendixImages/finalPresentation.pdf Graphic file (type pdf)
<use ./appendixImages/finalPresentation.pdf, page 19>
Package pdftex.def Info: ./appendixImages/finalPresentation.pdf, page19 used on
 input line 129.
(pdftex.def)             Requested size: 598.22752pt x 462.26671pt.
File: ./appendixImages/finalPresentation.pdf Graphic file (type pdf)

<use ./appendixImages/finalPresentation.pdf, page 19>
Package pdftex.def Info: ./appendixImages/finalPresentation.pdf, page19 used on
 input line 129.
(pdftex.def)             Requested size: 598.22752pt x 462.26671pt.
File: ./appendixImages/finalPresentation.pdf Graphic file (type pdf)

<use ./appendixImages/finalPresentation.pdf, page 19>
Package pdftex.def Info: ./appendixImages/finalPresentation.pdf, page19 used on
 input line 129.
(pdftex.def)             Requested size: 598.22752pt x 462.26671pt.
 [38 <./appendixImages/finalPresentation.pdf>]
<./appendixImages/finalPresentation.pdf, id=207, page=20, 794.97pt x 614.295pt>
File: ./appendixImages/finalPresentation.pdf Graphic file (type pdf)
<use ./appendixImages/finalPresentation.pdf, page 20>
Package pdftex.def Info: ./appendixImages/finalPresentation.pdf, page20 used on
 input line 129.
(pdftex.def)             Requested size: 598.22752pt x 462.26671pt.
File: ./appendixImages/finalPresentation.pdf Graphic file (type pdf)

<use ./appendixImages/finalPresentation.pdf, page 20>
Package pdftex.def Info: ./appendixImages/finalPresentation.pdf, page20 used on
 input line 129.
(pdftex.def)             Requested size: 598.22752pt x 462.26671pt.
File: ./appendixImages/finalPresentation.pdf Graphic file (type pdf)

<use ./appendixImages/finalPresentation.pdf, page 20>
Package pdftex.def Info: ./appendixImages/finalPresentation.pdf, page20 used on
 input line 129.
(pdftex.def)             Requested size: 598.22752pt x 462.26671pt.
 [39 <./appendixImages/finalPresentation.pdf>]
<./appendixImages/finalPresentation.pdf, id=211, page=21, 794.97pt x 614.295pt>
File: ./appendixImages/finalPresentation.pdf Graphic file (type pdf)
<use ./appendixImages/finalPresentation.pdf, page 21>
Package pdftex.def Info: ./appendixImages/finalPresentation.pdf, page21 used on
 input line 129.
(pdftex.def)             Requested size: 598.22752pt x 462.26671pt.
File: ./appendixImages/finalPresentation.pdf Graphic file (type pdf)

<use ./appendixImages/finalPresentation.pdf, page 21>
Package pdftex.def Info: ./appendixImages/finalPresentation.pdf, page21 used on
 input line 129.
(pdftex.def)             Requested size: 598.22752pt x 462.26671pt.
File: ./appendixImages/finalPresentation.pdf Graphic file (type pdf)

<use ./appendixImages/finalPresentation.pdf, page 21>
Package pdftex.def Info: ./appendixImages/finalPresentation.pdf, page21 used on
 input line 129.
(pdftex.def)             Requested size: 598.22752pt x 462.26671pt.
 [40 <./appendixImages/finalPresentation.pdf>]
<./appendixImages/finalPresentation.pdf, id=215, page=22, 794.97pt x 614.295pt>
File: ./appendixImages/finalPresentation.pdf Graphic file (type pdf)
<use ./appendixImages/finalPresentation.pdf, page 22>
Package pdftex.def Info: ./appendixImages/finalPresentation.pdf, page22 used on
 input line 129.
(pdftex.def)             Requested size: 598.22752pt x 462.26671pt.
File: ./appendixImages/finalPresentation.pdf Graphic file (type pdf)

<use ./appendixImages/finalPresentation.pdf, page 22>
Package pdftex.def Info: ./appendixImages/finalPresentation.pdf, page22 used on
 input line 129.
(pdftex.def)             Requested size: 598.22752pt x 462.26671pt.
File: ./appendixImages/finalPresentation.pdf Graphic file (type pdf)

<use ./appendixImages/finalPresentation.pdf, page 22>
Package pdftex.def Info: ./appendixImages/finalPresentation.pdf, page22 used on
 input line 129.
(pdftex.def)             Requested size: 598.22752pt x 462.26671pt.
 [41 <./appendixImages/finalPresentation.pdf>] (./Report.aux) ) 
Here is how much of TeX's memory you used:
 3342 strings out of 493109
 49800 string characters out of 6140856
 123886 words of memory out of 5000000
 6757 multiletter control sequences out of 15000+600000
 9453 words of font info for 33 fonts, out of 8000000 for 9000
 1141 hyphenation exceptions out of 8191
 40i,18n,46p,1279b,419s stack positions out of 5000i,500n,10000p,200000b,80000s
</usr/share/texm
f-dist/fonts/type1/public/amsfonts/cm/cmbx10.pfb></usr/share/texmf-dist/fonts/t
ype1/public/amsfonts/cm/cmbx12.pfb></usr/share/texmf-dist/fonts/type1/public/am
sfonts/cm/cmr10.pfb></usr/share/texmf-dist/fonts/type1/public/amsfonts/cm/cmr12
.pfb></usr/share/texmf-dist/fonts/type1/public/amsfonts/cm/cmr17.pfb></usr/shar
e/texmf-dist/fonts/type1/public/amsfonts/cm/cmsy10.pfb></usr/share/texmf-dist/f
onts/type1/public/amsfonts/cm/cmti10.pfb>
Output written on Report.pdf (42 pages, 14700842 bytes).
PDF statistics:
 245 PDF objects out of 1000 (max. 8388607)
 142 compressed objects within 2 object streams
 0 named destinations out of 1000 (max. 500000)
 141 words of extra memory for PDF output out of 10000 (max. 10000000)

